IQ-TREE multicore version 2.3.4 COVID-edition for Windows 64-bit built Apr 27 2024
Developed by Bui Quang Minh, James Barbetti, Nguyen Lam Tung, Olga Chernomor,
Heiko Schmidt, Dominik Schrempf, Michael Woodhams, Ly Trong Nhan, Thomas Wong

Host:    DESKTOP-6QIQ0S3 (AVX512, FMA3, 15 GB RAM)
Command: C:\Users\Vane\Desktop\iqtree-2.3.4-Windows\bin\iqtree2.exe -s alineado -B 1000
Seed:    94101 (Using SPRNG - Scalable Parallel Random Number Generator)
Time:    Wed Jun 26 13:33:13 2024
Kernel:  AVX+FMA - 1 threads (8 CPU cores detected)

HINT: Use -nt option to specify number of threads because your CPU has 8 cores!
HINT: -nt AUTO will automatically determine the best number of threads to use.

Reading alignment file alineado ... Fasta format detected
Reading fasta file: done in 0.0027364 secs
NOTE: Change sequence name 'Mustela lutreola' -> Mustela_lutreola
NOTE: Change sequence name 'Odobenus rosmarus' -> Odobenus_rosmarus
NOTE: Change sequence name 'Lynx canadensis' -> Lynx_canadensis
NOTE: Change sequence name 'Acinonyx jubatus' -> Acinonyx_jubatus
NOTE: Change sequence name 'Leopardus geoffroyi' -> Leopardus_geoffroyi
NOTE: Change sequence name 'Prionailurus bengalensis' -> Prionailurus_bengalensis
NOTE: Change sequence name 'Canis lupus familiaris' -> Canis_lupus
NOTE: Change sequence name 'Prionailurus viverrinus' -> Prionailurus_viverrinus
NOTE: Change sequence name 'Panthera uncia' -> Panthera_uncia
NOTE: Change sequence name 'Mustela nigripes' -> Mustela_nigripes
NOTE: Change sequence name 'Mustela putorius furo' -> Mustela_putorius
NOTE: Change sequence name 'Enhydra lutris kenyoni' -> Enhydra_lutris
NOTE: Change sequence name 'Neovison vison' -> Neovison_vison
NOTE: Change sequence name 'Puma concolor' -> Puma_concolor
NOTE: Change sequence name 'Meles meles' -> Meles_meles
NOTE: Change sequence name 'Lynx rufus' -> Lynx_rufus
NOTE: Change sequence name 'Lontra canadensis' -> Lontra_canadensis
NOTE: Change sequence name 'Mustela erminea' -> Mustela_erminea
NOTE: Change sequence name 'Puma yagouaroundi' -> Puma_yagouaroundi
NOTE: Change sequence name 'Lutra lutra' -> Lutra_lutra
NOTE: Change sequence name 'Felis catus' -> Felis_catus
Alignment most likely contains DNA/RNA sequences
Alignment has 21 sequences with 7964 columns, 1044 distinct patterns
1005 parsimony-informative, 878 singleton sites, 6081 constant sites
                          Gap/Ambiguity  Composition  p-value
Analyzing sequences: done in 0.0003013 secs
   1  Mustela_lutreola           12.61%    passed      8.38%
   2  Odobenus_rosmarus          28.04%    passed     16.99%
   3  Lynx_canadensis            11.77%    passed     19.70%
   4  Acinonyx_jubatus           15.16%    passed     56.90%
   5  Leopardus_geoffroyi        13.11%    passed      7.94%
   6  Prionailurus_bengalensis   12.53%    passed     23.64%
   7  Canis_lupus                 9.22%    passed      5.02%
   8  Prionailurus_viverrinus     8.94%    passed     23.79%
   9  Panthera_uncia             13.39%    passed      6.38%
  10  Mustela_nigripes           12.98%    passed     10.70%
  11  Mustela_putorius           12.66%    passed     12.89%
  12  Enhydra_lutris             15.31%    passed     27.94%
  13  Neovison_vison             12.83%    passed      5.50%
  14  Puma_concolor              29.37%    passed      6.11%
  15  Meles_meles                25.74%    failed      2.77%
  16  Lynx_rufus                  6.23%    failed      0.69%
  17  Lontra_canadensis          12.69%    passed      5.13%
  18  Mustela_erminea            12.58%    passed      9.62%
  19  Puma_yagouaroundi          21.02%    passed     65.40%
  20  Lutra_lutra                13.10%    passed     12.69%
  21  Felis_catus                22.79%    passed     56.16%
****  TOTAL                      15.34%  2 sequences failed composition chi2 test (p-value<5%; df=3)


Create initial parsimony tree by phylogenetic likelihood library (PLL)... 0.006 seconds
Perform fast likelihood tree search using GTR+I+G model...
Estimate model parameters (epsilon = 5.000)
Perform nearest neighbor interchange...
Estimate model parameters (epsilon = 1.000)
1. Initial log-likelihood: -24185.256
Optimal log-likelihood: -24185.163
Rate parameters:  A-C: 0.98778  A-G: 3.51434  A-T: 0.58074  C-G: 1.16482  C-T: 4.13649  G-T: 1.00000
Base frequencies:  A: 0.315  C: 0.208  G: 0.239  T: 0.238
Proportion of invariable sites: 0.377
Gamma shape alpha: 3.039
Parameters optimization took 1 rounds (0.036 sec)
Time for fast ML tree search: 0.157 seconds

NOTE: ModelFinder requires 11 MB RAM!
ModelFinder will test up to 484 DNA models (sample size: 7964) ...
 No. Model         -LnL         df  AIC          AICc         BIC
  1  GTR+F         24307.342    47  48708.683    48709.253    49036.870
  2  GTR+F+I       24193.324    48  48482.647    48483.241    48817.816
  3  GTR+F+G4      24181.920    48  48459.839    48460.434    48795.008
  4  GTR+F+I+G4    24185.117    49  48468.235    48468.854    48810.386
  5  GTR+F+R2      24185.372    49  48468.745    48469.364    48810.896
  6  GTR+F+R3      24178.759    51  48459.518    48460.188    48815.635
 14  GTR+F+I+R2    24186.062    50  48472.125    48472.769    48821.259
 15  GTR+F+I+R3    24180.492    52  48464.983    48465.680    48828.083
 25  SYM+G4        24300.439    45  48690.878    48691.401    49005.099
 47  TVM+F+G4      24185.661    47  48465.321    48465.891    48793.507
 69  TVMe+G4       24301.132    44  48690.264    48690.764    48997.502
 91  TIM3+F+G4     24194.286    46  48480.572    48481.118    48801.775
113  TIM3e+G4      24305.634    43  48697.268    48697.746    48997.524
135  TIM2+F+G4     24193.343    46  48478.685    48479.232    48799.889
157  TIM2e+G4      24307.390    43  48700.781    48701.259    49001.036
179  TIM+F+G4      24199.688    46  48491.376    48491.922    48812.580
201  TIMe+G4       24307.269    43  48700.537    48701.015    49000.793
223  TPM3u+F+G4    24198.116    45  48486.232    48486.755    48800.453
245  TPM3+G4       24306.337    42  48696.675    48697.131    48989.947
267  TPM2u+F+G4    24197.013    45  48484.025    48484.548    48798.246
289  TPM2+G4       24308.092    42  48700.184    48700.640    48993.457
311  K3Pu+F+G4     24203.431    45  48496.862    48497.385    48811.083
333  K3P+G4        24307.997    42  48699.994    48700.450    48993.267
355  TN+F+G4       24202.995    45  48495.990    48496.513    48810.211
377  TNe+G4        24309.909    42  48703.819    48704.275    48997.092
399  HKY+F+G4      24206.744    44  48501.487    48501.988    48808.726
421  K2P+G4        24310.637    41  48703.275    48703.709    48989.565
443  F81+F+G4      24743.659    43  49573.319    49573.796    49873.574
465  JC+G4         24856.003    40  49792.007    49792.421    50071.314
Akaike Information Criterion:           GTR+F+R3
Corrected Akaike Information Criterion: GTR+F+R3
Bayesian Information Criterion:         TVM+F+G4
Best-fit model: TVM+F+G4 chosen according to BIC

All model information printed to alineado.model.gz
CPU time for ModelFinder: 2.016 seconds (0h:0m:2s)
Wall-clock time for ModelFinder: 3.217 seconds (0h:0m:3s)
Generating 1000 samples for ultrafast bootstrap (seed: 94101)...

NOTE: 6 MB RAM (0 GB) is required!
Estimate model parameters (epsilon = 0.100)
1. Initial log-likelihood: -24185.661
Optimal log-likelihood: -24185.659
Rate parameters:  A-C: 0.96751  A-G: 3.72951  A-T: 0.57183  C-G: 1.14886  C-T: 3.72951  G-T: 1.00000
Base frequencies:  A: 0.315  C: 0.208  G: 0.239  T: 0.238
Gamma shape alpha: 0.670
Parameters optimization took 1 rounds (0.019 sec)
Wrote distance file to... 
Computing ML distances based on estimated model parameters...
Calculating distance matrix: done in 0.0036921 secs
Computing ML distances took 0.008233 sec (of wall-clock time) 0.000000 sec (of CPU time)
Setting up auxiliary I and S matrices: done in 0.0001134 secs
Computing RapidNJ tree took 0.004459 sec (of wall-clock time) 0.015625 sec (of CPU time)
Log-likelihood of RapidNJ tree: -24333.480
--------------------------------------------------------------------
|             INITIALIZING CANDIDATE TREE SET                      |
--------------------------------------------------------------------
Generating 98 parsimony trees... 0.311 second
Computing log-likelihood of 98 initial trees ... 0.275 seconds
Current best score: -24175.318

Do NNI search on 20 best initial trees
Estimate model parameters (epsilon = 0.100)
BETTER TREE FOUND at iteration 1: -24174.207
Iteration 10 / LogL: -24174.267 / Time: 0h:0m:4s
Iteration 20 / LogL: -24174.252 / Time: 0h:0m:5s
Finish initializing candidate tree set (8)
Current best tree score: -24174.207 / CPU time: 1.536
Number of iterations: 20
--------------------------------------------------------------------
|               OPTIMIZING CANDIDATE TREE SET                      |
--------------------------------------------------------------------
Iteration 30 / LogL: -24174.267 / Time: 0h:0m:5s (0h:0m:5s left)
Iteration 40 / LogL: -24204.145 / Time: 0h:0m:6s (0h:0m:4s left)
Iteration 50 / LogL: -24174.267 / Time: 0h:0m:6s (0h:0m:3s left)
Log-likelihood cutoff on original alignment: -24213.094
Iteration 60 / LogL: -24174.220 / Time: 0h:0m:7s (0h:0m:2s left)
Iteration 70 / LogL: -24174.267 / Time: 0h:0m:7s (0h:0m:2s left)
Iteration 80 / LogL: -24175.358 / Time: 0h:0m:9s (0h:0m:1s left)
Iteration 90 / LogL: -24175.357 / Time: 0h:0m:11s (0h:0m:0s left)
Iteration 100 / LogL: -24185.780 / Time: 0h:0m:13s (0h:0m:0s left)
Log-likelihood cutoff on original alignment: -24214.170
NOTE: Bootstrap correlation coefficient of split occurrence frequencies: 1.000
TREE SEARCH COMPLETED AFTER 102 ITERATIONS / Time: 0h:0m:13s

--------------------------------------------------------------------
|                    FINALIZING TREE SEARCH                        |
--------------------------------------------------------------------
Performs final model parameters optimization
Estimate model parameters (epsilon = 0.010)
1. Initial log-likelihood: -24174.207
Optimal log-likelihood: -24174.207
Rate parameters:  A-C: 0.95740  A-G: 3.72588  A-T: 0.56726  C-G: 1.16096  C-T: 3.72588  G-T: 1.00000
Base frequencies:  A: 0.315  C: 0.208  G: 0.239  T: 0.238
Gamma shape alpha: 0.689
Parameters optimization took 1 rounds (0.057 sec)
BEST SCORE FOUND : -24174.207
Creating bootstrap support values...
Split supports printed to NEXUS file alineado.splits.nex
Total tree length: 0.390

Total number of iterations: 102
CPU time used for tree search: 8.031 sec (0h:0m:8s)
Wall-clock time used for tree search: 10.031 sec (0h:0m:10s)
Total CPU time used: 10.359 sec (0h:0m:10s)
Total wall-clock time used: 13.902 sec (0h:0m:13s)

Computing bootstrap consensus tree...
Reading input file alineado.splits.nex...
21 taxa and 108 splits.
Consensus tree written to alineado.contree
Reading input trees file alineado.contree
Log-likelihood of consensus tree: -24174.265

Analysis results written to: 
  IQ-TREE report:                alineado.iqtree
  Maximum-likelihood tree:       alineado.treefile
  Likelihood distances:          alineado.mldist

Ultrafast bootstrap approximation results written to:
  Split support values:          alineado.splits.nex
  Consensus tree:                alineado.contree
  Screen log file:               alineado.log

Date and Time: Wed Jun 26 13:33:27 2024
